Configuring distributed-process-simplelocalnet-0.2.3.3...
Building distributed-process-simplelocalnet-0.2.3.3...
Preprocessing library distributed-process-simplelocalnet-0.2.3.3...
[1 of 2] Compiling Control.Distributed.Process.Backend.SimpleLocalnet.Internal.Multicast ( src/Control/Distributed/Process/Backend/SimpleLocalnet/Internal/Multicast.hs, .stack-work/dist/x86_64-osx/Cabal-1.24.2.0/build/Control/Distributed/Process/Backend/SimpleLocalnet/Internal/Multicast.o )

src/Control/Distributed/Process/Backend/SimpleLocalnet/Internal/Multicast.hs:5:1: warning: [-Wunused-imports]
    The import of ‘Data.Function’ is redundant
      except perhaps to import instances from ‘Data.Function’
    To import instances alone, use: import Data.Function()
[2 of 2] Compiling Control.Distributed.Process.Backend.SimpleLocalnet ( src/Control/Distributed/Process/Backend/SimpleLocalnet.hs, .stack-work/dist/x86_64-osx/Cabal-1.24.2.0/build/Control/Distributed/Process/Backend/SimpleLocalnet.o )

src/Control/Distributed/Process/Backend/SimpleLocalnet.hs:259:3: warning: [-Wdeprecations]
    In the use of ‘bracket’
    (imported from Control.Distributed.Process, but defined in Control.Distributed.Process.Internal.Primitives):
    Deprecated: "Use Control.Monad.Catch.bracket instead"

src/Control/Distributed/Process/Backend/SimpleLocalnet.hs:329:16: warning: [-Wdeprecations]
    In the use of ‘try’
    (imported from Control.Distributed.Process, but defined in Control.Distributed.Process.Internal.Primitives):
    Deprecated: "Use Control.Monad.Catch.mask_ instead"

src/Control/Distributed/Process/Backend/SimpleLocalnet.hs:333:26: warning: [-Wdeprecations]
    In the use of ‘try’
    (imported from Control.Distributed.Process, but defined in Control.Distributed.Process.Internal.Primitives):
    Deprecated: "Use Control.Monad.Catch.mask_ instead"

src/Control/Distributed/Process/Backend/SimpleLocalnet.hs:351:3: warning: [-Wdeprecations]
    In the use of ‘bracket’
    (imported from Control.Distributed.Process, but defined in Control.Distributed.Process.Internal.Primitives):
    Deprecated: "Use Control.Monad.Catch.bracket instead"

src/Control/Distributed/Process/Backend/SimpleLocalnet.hs:398:37: warning: [-Wdeprecations]
    In the use of ‘finally’
    (imported from Control.Distributed.Process, but defined in Control.Distributed.Process.Internal.Primitives):
    Deprecated: "Use Control.Monad.Catch.finally instead"
Installing library in
/Users/McGroarty/.stack/snapshots/x86_64-osx/lts-8.2/8.0.2/lib/x86_64-osx-ghc-8.0.2/distributed-process-simplelocalnet-0.2.3.3-FRKjSNwztU3FuUcmXeHmVD
Registering distributed-process-simplelocalnet-0.2.3.3...
